<?xml version="1.0" encoding="UTF-8"?>
<!-- Generated by org.testng.reporters.JUnitReportReporter -->
<testsuite hostname="DESKTOP-BLFTK83" name="com.exceute.Execute_Operations" tests="1" failures="0" timestamp="17 Dec 2018 11:56:43 GMT" time="1446.643" errors="0">
  <testcase name="RUNSCRIPTS" time="1446.643" classname="com.exceute.Execute_Operations"/>
</testsuite> <!-- com.exceute.Execute_Operations -->
